FLAGS.PARAM:
GPU_RAM_ALLOW_GROWTH:True
learning_rate:0.0005
__doc__:None
POOL_PADDING:VALID
BATCH_SIZE:512
CONV_PADDING:VALID
MNIST_DIR:MNIST_data
SAVE_DIR:exp
DROP_RATE:0.3
__dict__:<attribute '__dict__' of 'base_config' objects>
__module__:FLAGS
EPOCHS:35
__weakref__:<attribute '__weakref__' of 'base_config' objects>
CHECK_POINT:nnet_LeNet5_C002
---------
Variables: name (type shape) [size]
---------
w_conv1:0 (float32_ref 5x5x1x32) [800, bytes: 3200]
w_conv2:0 (float32_ref 5x5x32x64) [51200, bytes: 204800]
w_fc1:0 (float32_ref 1024x1024) [1048576, bytes: 4194304]
w_fc2:0 (float32_ref 1024x512) [524288, bytes: 2097152]
w_fc3:0 (float32_ref 512x10) [5120, bytes: 20480]
b_conv1:0 (float32_ref 32) [32, bytes: 128]
b_conv2:0 (float32_ref 64) [64, bytes: 256]
b_fc1:0 (float32_ref 1024) [1024, bytes: 4096]
b_fc2:0 (float32_ref 512) [512, bytes: 2048]
b_fc3:0 (float32_ref 10) [10, bytes: 40]
Total size of variables: 1631626
Total bytes of variables: 6526504
2019-05-29 17:35:11.185094: I tensorflow/core/platform/cpu_feature_guard.cc:141] Your CPU supports instructions that this TensorFlow binary was not compiled to use: AVX2
2019-05-29 17:35:11.489288: I tensorflow/core/common_runtime/gpu/gpu_device.cc:1432] Found device 0 with properties:
name: GeForce GTX 1060 with Max-Q Design major: 6 minor: 1 memoryClockRate(GHz): 1.48
pciBusID: 0000:01:00.0
totalMemory: 6.00GiB freeMemory: 4.97GiB
2019-05-29 17:35:11.507520: I tensorflow/core/common_runtime/gpu/gpu_device.cc:1511] Adding visible gpu devices: 0
2019-05-29 17:35:12.739773: I tensorflow/core/common_runtime/gpu/gpu_device.cc:982] Device interconnect StreamExecutor with strength 1 edge matrix:
2019-05-29 17:35:12.747931: I tensorflow/core/common_runtime/gpu/gpu_device.cc:988]      0
2019-05-29 17:35:12.752286: I tensorflow/core/common_runtime/gpu/gpu_device.cc:1001] 0:   N
2019-05-29 17:35:12.774508: I tensorflow/core/common_runtime/gpu/gpu_device.cc:1115] Created TensorFlow device (/job:localhost/replica:0/task:0/device:GPU:0 with 4724 MB memory) -> physical GPU
(device: 0, name: GeForce GTX 1060 with Max-Q Design, pci bus id: 0000:01:00.0, compute capability: 6.1)
INFO:tensorflow:Train Iteration 001:
    Train.LOSS 0.8959, ckpt(nnet_iter1_trloss0.8959_duration3s) saved, EPOCH DURATION: 3.92s

INFO:tensorflow:Train Iteration 002:
    Train.LOSS 0.1835, ckpt(nnet_iter2_trloss0.1835_duration2s) saved, EPOCH DURATION: 2.02s

INFO:tensorflow:Train Iteration 003:
    Train.LOSS 0.1074, ckpt(nnet_iter3_trloss0.1074_duration1s) saved, EPOCH DURATION: 1.99s

INFO:tensorflow:Train Iteration 004:
    Train.LOSS 0.0805, ckpt(nnet_iter4_trloss0.0805_duration1s) saved, EPOCH DURATION: 1.95s

INFO:tensorflow:Train Iteration 005:
    Train.LOSS 0.0659, ckpt(nnet_iter5_trloss0.0659_duration1s) saved, EPOCH DURATION: 1.95s

INFO:tensorflow:Train Iteration 006:
    Train.LOSS 0.0571, ckpt(nnet_iter6_trloss0.0571_duration1s) saved, EPOCH DURATION: 1.94s

INFO:tensorflow:Train Iteration 007:
    Train.LOSS 0.0518, ckpt(nnet_iter7_trloss0.0518_duration1s) saved, EPOCH DURATION: 1.93s

INFO:tensorflow:Train Iteration 008:
    Train.LOSS 0.0452, ckpt(nnet_iter8_trloss0.0452_duration1s) saved, EPOCH DURATION: 1.97s

INFO:tensorflow:Train Iteration 009:
    Train.LOSS 0.0380, ckpt(nnet_iter9_trloss0.0380_duration1s) saved, EPOCH DURATION: 1.99s

INFO:tensorflow:Train Iteration 010:
    Train.LOSS 0.0330, ckpt(nnet_iter10_trloss0.0330_duration2s) saved, EPOCH DURATION: 2.01s

INFO:tensorflow:Train Iteration 011:
    Train.LOSS 0.0288, ckpt(nnet_iter11_trloss0.0288_duration1s) saved, EPOCH DURATION: 2.00s

INFO:tensorflow:Train Iteration 012:
    Train.LOSS 0.0254, ckpt(nnet_iter12_trloss0.0254_duration1s) saved, EPOCH DURATION: 1.98s

INFO:tensorflow:Train Iteration 013:
    Train.LOSS 0.0230, ckpt(nnet_iter13_trloss0.0230_duration2s) saved, EPOCH DURATION: 2.00s

INFO:tensorflow:Train Iteration 014:
    Train.LOSS 0.0224, ckpt(nnet_iter14_trloss0.0224_duration1s) saved, EPOCH DURATION: 1.95s

INFO:tensorflow:Train Iteration 015:
    Train.LOSS 0.0203, ckpt(nnet_iter15_trloss0.0203_duration1s) saved, EPOCH DURATION: 1.99s

INFO:tensorflow:Train Iteration 016:
    Train.LOSS 0.0185, ckpt(nnet_iter16_trloss0.0185_duration2s) saved, EPOCH DURATION: 2.22s

INFO:tensorflow:Train Iteration 017:
    Train.LOSS 0.0163, ckpt(nnet_iter17_trloss0.0163_duration2s) saved, EPOCH DURATION: 2.05s

INFO:tensorflow:Train Iteration 018:
    Train.LOSS 0.0127, ckpt(nnet_iter18_trloss0.0127_duration2s) saved, EPOCH DURATION: 2.22s

INFO:tensorflow:Train Iteration 019:
    Train.LOSS 0.0116, ckpt(nnet_iter19_trloss0.0116_duration2s) saved, EPOCH DURATION: 2.20s

INFO:tensorflow:Train Iteration 020:
    Train.LOSS 0.0099, ckpt(nnet_iter20_trloss0.0099_duration2s) saved, EPOCH DURATION: 2.09s

INFO:tensorflow:Train Iteration 021:
    Train.LOSS 0.0088, ckpt(nnet_iter21_trloss0.0088_duration2s) saved, EPOCH DURATION: 2.05s

INFO:tensorflow:Train Iteration 022:
    Train.LOSS 0.0078, ckpt(nnet_iter22_trloss0.0078_duration2s) saved, EPOCH DURATION: 2.10s

INFO:tensorflow:Train Iteration 023:
    Train.LOSS 0.0080, ckpt(nnet_iter23_trloss0.0080_duration2s) saved, EPOCH DURATION: 2.05s

INFO:tensorflow:Train Iteration 024:
    Train.LOSS 0.0062, ckpt(nnet_iter24_trloss0.0062_duration2s) saved, EPOCH DURATION: 2.08s

INFO:tensorflow:Train Iteration 025:
    Train.LOSS 0.0063, ckpt(nnet_iter25_trloss0.0063_duration2s) saved, EPOCH DURATION: 2.14s

INFO:tensorflow:Train Iteration 026:
    Train.LOSS 0.0070, ckpt(nnet_iter26_trloss0.0070_duration2s) saved, EPOCH DURATION: 2.06s

INFO:tensorflow:Train Iteration 027:
    Train.LOSS 0.0075, ckpt(nnet_iter27_trloss0.0075_duration2s) saved, EPOCH DURATION: 2.09s

INFO:tensorflow:Train Iteration 028:
    Train.LOSS 0.0057, ckpt(nnet_iter28_trloss0.0057_duration2s) saved, EPOCH DURATION: 2.26s

INFO:tensorflow:Train Iteration 029:
    Train.LOSS 0.0052, ckpt(nnet_iter29_trloss0.0052_duration2s) saved, EPOCH DURATION: 2.04s

INFO:tensorflow:Train Iteration 030:
    Train.LOSS 0.0050, ckpt(nnet_iter30_trloss0.0050_duration2s) saved, EPOCH DURATION: 2.05s

INFO:tensorflow:Train Iteration 031:
    Train.LOSS 0.0051, ckpt(nnet_iter31_trloss0.0051_duration2s) saved, EPOCH DURATION: 2.01s

INFO:tensorflow:Train Iteration 032:
    Train.LOSS 0.0058, ckpt(nnet_iter32_trloss0.0058_duration2s) saved, EPOCH DURATION: 2.05s

INFO:tensorflow:Train Iteration 033:
    Train.LOSS 0.0041, ckpt(nnet_iter33_trloss0.0041_duration2s) saved, EPOCH DURATION: 2.06s

INFO:tensorflow:Train Iteration 034:
    Train.LOSS 0.0051, ckpt(nnet_iter34_trloss0.0051_duration2s) saved, EPOCH DURATION: 2.22s

INFO:tensorflow:Train Iteration 035:
    Train.LOSS 0.0054, ckpt(nnet_iter35_trloss0.0054_duration2s) saved, EPOCH DURATION: 2.20s

INFO:tensorflow:Done training
