FLAGS.PARAM:
BATCH_SIZE:512
__module__:FLAGS
CHECK_POINT:nnet_LeNet5_C003
EPOCHS:35
learning_rate:0.0005
__weakref__:<attribute '__weakref__' of 'base_config' objects>
SAVE_DIR:exp
DROP_RATE:0.0
__doc__:None
MNIST_DIR:MNIST_data
__dict__:<attribute '__dict__' of 'base_config' objects>
POOL_PADDING:VALID
CONV_PADDING:VALID
GPU_RAM_ALLOW_GROWTH:True
---------
Variables: name (type shape) [size]
---------
w_conv1:0 (float32_ref 5x5x1x6) [150, bytes: 600]
w_conv2:0 (float32_ref 5x5x6x16) [2400, bytes: 9600]
w_fc1:0 (float32_ref 256x120) [30720, bytes: 122880]
w_fc2:0 (float32_ref 120x84) [10080, bytes: 40320]
w_fc3:0 (float32_ref 84x10) [840, bytes: 3360]
b_conv1:0 (float32_ref 6) [6, bytes: 24]
b_conv2:0 (float32_ref 16) [16, bytes: 64]
b_fc1:0 (float32_ref 120) [120, bytes: 480]
b_fc2:0 (float32_ref 84) [84, bytes: 336]
b_fc3:0 (float32_ref 10) [10, bytes: 40]
Total size of variables: 44426
Total bytes of variables: 177704
2019-05-29 17:41:54.700847: I tensorflow/core/platform/cpu_feature_guard.cc:141] Your CPU supports instructions that this TensorFlow binary was not compiled to use: AVX2
2019-05-29 17:41:55.109932: I tensorflow/core/common_runtime/gpu/gpu_device.cc:1432] Found device 0 with properties:
name: GeForce GTX 1060 with Max-Q Design major: 6 minor: 1 memoryClockRate(GHz): 1.48
pciBusID: 0000:01:00.0
totalMemory: 6.00GiB freeMemory: 4.97GiB
2019-05-29 17:41:55.157101: I tensorflow/core/common_runtime/gpu/gpu_device.cc:1511] Adding visible gpu devices: 0
2019-05-29 17:41:56.253014: I tensorflow/core/common_runtime/gpu/gpu_device.cc:982] Device interconnect StreamExecutor with strength 1 edge matrix:
2019-05-29 17:41:56.258931: I tensorflow/core/common_runtime/gpu/gpu_device.cc:988]      0
2019-05-29 17:41:56.262902: I tensorflow/core/common_runtime/gpu/gpu_device.cc:1001] 0:   N
2019-05-29 17:41:56.267872: I tensorflow/core/common_runtime/gpu/gpu_device.cc:1115] Created TensorFlow device (/job:localhost/replica:0/task:0/device:GPU:0 with 4724 MB memory) -> physical GPU
(device: 0, name: GeForce GTX 1060 with Max-Q Design, pci bus id: 0000:01:00.0, compute capability: 6.1)
INFO:tensorflow:Train Iteration 001:
    Train.LOSS 1.9825, ckpt(nnet_iter1_trloss1.9825_duration2s) saved, EPOCH DURATION: 2.60s

INFO:tensorflow:Train Iteration 002:
    Train.LOSS 1.1287, ckpt(nnet_iter2_trloss1.1287_duration0s) saved, EPOCH DURATION: 0.92s

INFO:tensorflow:Train Iteration 003:
    Train.LOSS 0.5382, ckpt(nnet_iter3_trloss0.5382_duration0s) saved, EPOCH DURATION: 0.92s

INFO:tensorflow:Train Iteration 004:
    Train.LOSS 0.3316, ckpt(nnet_iter4_trloss0.3316_duration0s) saved, EPOCH DURATION: 0.94s

INFO:tensorflow:Train Iteration 005:
    Train.LOSS 0.2507, ckpt(nnet_iter5_trloss0.2507_duration0s) saved, EPOCH DURATION: 0.92s

INFO:tensorflow:Train Iteration 006:
    Train.LOSS 0.2020, ckpt(nnet_iter6_trloss0.2020_duration0s) saved, EPOCH DURATION: 0.98s

INFO:tensorflow:Train Iteration 007:
    Train.LOSS 0.1702, ckpt(nnet_iter7_trloss0.1702_duration0s) saved, EPOCH DURATION: 0.91s

INFO:tensorflow:Train Iteration 008:
    Train.LOSS 0.1479, ckpt(nnet_iter8_trloss0.1479_duration0s) saved, EPOCH DURATION: 0.91s

INFO:tensorflow:Train Iteration 009:
    Train.LOSS 0.1315, ckpt(nnet_iter9_trloss0.1315_duration0s) saved, EPOCH DURATION: 0.92s

INFO:tensorflow:Train Iteration 010:
    Train.LOSS 0.1188, ckpt(nnet_iter10_trloss0.1188_duration0s) saved, EPOCH DURATION: 1.00s

INFO:tensorflow:Train Iteration 011:
    Train.LOSS 0.1085, ckpt(nnet_iter11_trloss0.1085_duration1s) saved, EPOCH DURATION: 1.05s

INFO:tensorflow:Train Iteration 012:
    Train.LOSS 0.0998, ckpt(nnet_iter12_trloss0.0998_duration1s) saved, EPOCH DURATION: 1.01s

INFO:tensorflow:Train Iteration 013:
    Train.LOSS 0.0921, ckpt(nnet_iter13_trloss0.0921_duration1s) saved, EPOCH DURATION: 1.02s

INFO:tensorflow:Train Iteration 014:
    Train.LOSS 0.0855, ckpt(nnet_iter14_trloss0.0855_duration1s) saved, EPOCH DURATION: 1.00s

INFO:tensorflow:Train Iteration 015:
    Train.LOSS 0.0797, ckpt(nnet_iter15_trloss0.0797_duration1s) saved, EPOCH DURATION: 1.01s

INFO:tensorflow:Train Iteration 016:
    Train.LOSS 0.0746, ckpt(nnet_iter16_trloss0.0746_duration1s) saved, EPOCH DURATION: 1.00s

INFO:tensorflow:Train Iteration 017:
    Train.LOSS 0.0700, ckpt(nnet_iter17_trloss0.0700_duration1s) saved, EPOCH DURATION: 1.10s

INFO:tensorflow:Train Iteration 018:
    Train.LOSS 0.0658, ckpt(nnet_iter18_trloss0.0658_duration1s) saved, EPOCH DURATION: 1.00s

INFO:tensorflow:Train Iteration 019:
    Train.LOSS 0.0620, ckpt(nnet_iter19_trloss0.0620_duration1s) saved, EPOCH DURATION: 1.01s

INFO:tensorflow:Train Iteration 020:
    Train.LOSS 0.0585, ckpt(nnet_iter20_trloss0.0585_duration1s) saved, EPOCH DURATION: 1.00s

INFO:tensorflow:Train Iteration 021:
    Train.LOSS 0.0552, ckpt(nnet_iter21_trloss0.0552_duration1s) saved, EPOCH DURATION: 1.08s

INFO:tensorflow:Train Iteration 022:
    Train.LOSS 0.0522, ckpt(nnet_iter22_trloss0.0522_duration1s) saved, EPOCH DURATION: 1.14s

INFO:tensorflow:Train Iteration 023:
    Train.LOSS 0.0493, ckpt(nnet_iter23_trloss0.0493_duration1s) saved, EPOCH DURATION: 1.07s

INFO:tensorflow:Train Iteration 024:
    Train.LOSS 0.0467, ckpt(nnet_iter24_trloss0.0467_duration1s) saved, EPOCH DURATION: 1.06s

INFO:tensorflow:Train Iteration 025:
    Train.LOSS 0.0442, ckpt(nnet_iter25_trloss0.0442_duration1s) saved, EPOCH DURATION: 1.05s

INFO:tensorflow:Train Iteration 026:
    Train.LOSS 0.0418, ckpt(nnet_iter26_trloss0.0418_duration1s) saved, EPOCH DURATION: 1.08s

INFO:tensorflow:Train Iteration 027:
    Train.LOSS 0.0396, ckpt(nnet_iter27_trloss0.0396_duration1s) saved, EPOCH DURATION: 1.21s

INFO:tensorflow:Train Iteration 028:
    Train.LOSS 0.0375, ckpt(nnet_iter28_trloss0.0375_duration1s) saved, EPOCH DURATION: 1.38s

INFO:tensorflow:Train Iteration 029:
    Train.LOSS 0.0356, ckpt(nnet_iter29_trloss0.0356_duration1s) saved, EPOCH DURATION: 1.06s

INFO:tensorflow:Train Iteration 030:
    Train.LOSS 0.0337, ckpt(nnet_iter30_trloss0.0337_duration1s) saved, EPOCH DURATION: 1.01s

INFO:tensorflow:Train Iteration 031:
    Train.LOSS 0.0320, ckpt(nnet_iter31_trloss0.0320_duration0s) saved, EPOCH DURATION: 1.00s

INFO:tensorflow:Train Iteration 032:
    Train.LOSS 0.0304, ckpt(nnet_iter32_trloss0.0304_duration1s) saved, EPOCH DURATION: 1.12s

INFO:tensorflow:Train Iteration 033:
    Train.LOSS 0.0288, ckpt(nnet_iter33_trloss0.0288_duration1s) saved, EPOCH DURATION: 1.07s

INFO:tensorflow:Train Iteration 034:
    Train.LOSS 0.0274, ckpt(nnet_iter34_trloss0.0274_duration1s) saved, EPOCH DURATION: 1.05s

INFO:tensorflow:Train Iteration 035:
    Train.LOSS 0.0260, ckpt(nnet_iter35_trloss0.0260_duration1s) saved, EPOCH DURATION: 1.02s

INFO:tensorflow:Done training
